17:51:21.686 [main                     ] DEBUG GameApplication      - Logger initialized
17:51:21.701 [main                     ] DEBUG GameApplication      - Logging settings
Title: Untitled
Version: 0.0
Width: 1280
Height: 960
Fullscreen: false
Intro: false
Menus: false
Profiling: false
Single step:false
App Mode: DEVELOPER
Menu Key: ESCAPE
Stage Style: DECORATED
Scene Factory: class com.almasb.fxgl.app.SceneFactory
Dialog Factory: class com.almasb.fxgl.ui.FXGLDialogFactory
UI Factory: class com.almasb.fxgl.ui.FXGLUIFactory

17:51:22.088 [JavaFX Application Thread] DEBUG Engine               - Initializing FXGL
17:51:22.093 [JavaFX Application Thread] INFO  Engine               - FXGL-11.3 on DESKTOP
17:51:22.094 [JavaFX Application Thread] INFO  Engine               - Source code and latest versions at: https://github.com/AlmasB/FXGL
17:51:22.094 [JavaFX Application Thread] INFO  Engine               -              Join the FXGL chat at: https://gitter.im/AlmasB/FXGL
17:51:22.097 [JavaFX Application Thread] DEBUG Engine               - Adding new engine service: class com.almasb.fxgl.audio.AudioPlayer
17:51:22.099 [JavaFX Application Thread] DEBUG Engine               - Adding new engine service: class com.almasb.fxgl.notification.impl.NotificationServiceProvider
17:51:22.100 [JavaFX Application Thread] DEBUG Engine               - Adding new engine service: class com.almasb.fxgl.achievement.AchievementManager
17:51:22.100 [JavaFX Application Thread] DEBUG Engine               - Adding new engine service: class com.almasb.fxgl.dev.DevService
17:51:22.117 [JavaFX Application Thread] DEBUG FS                   - Loaded FSServiceImpl
17:51:22.117 [JavaFX Application Thread] DEBUG SaveLoadManager      - Checking profiles dir: profiles/
17:51:22.118 [JavaFX Application Thread] DEBUG Engine               - Loading localizations
17:51:22.127 [JavaFX Application Thread] DEBUG AssetLoader          - Loading from disk: /assets/properties/languages/english.properties
17:51:22.129 [JavaFX Application Thread] DEBUG AssetLoader          - Loading from disk: /assets/properties/languages/french.properties
17:51:22.130 [JavaFX Application Thread] DEBUG AssetLoader          - Loading from disk: /assets/properties/languages/german.properties
17:51:22.131 [JavaFX Application Thread] DEBUG AssetLoader          - Loading from disk: /assets/properties/languages/russian.properties
17:51:22.132 [JavaFX Application Thread] DEBUG AssetLoader          - Loading from disk: /assets/properties/languages/hungarian.properties
17:51:22.134 [JavaFX Application Thread] DEBUG Engine               - Registering font factories
17:51:22.135 [JavaFX Application Thread] DEBUG AssetLoader          - Loading from disk: /assets/ui/fonts/VarelaRound-Regular.ttf
17:51:22.375 [JavaFX Application Thread] DEBUG AssetLoader          - Loading from disk: /assets/ui/fonts/Abel-Regular.ttf
17:51:22.390 [JavaFX Application Thread] DEBUG AssetLoader          - Loading from disk: /assets/ui/fonts/lucida_console.ttf
17:51:22.402 [JavaFX Application Thread] DEBUG AssetLoader          - Loading from disk: /assets/ui/fonts/Courier-Prime.ttf
17:51:22.412 [JavaFX Application Thread] DEBUG Engine               - Setting UI factory
17:51:22.515 [JavaFX Application Thread] DEBUG MainWindow           - Creating a JavaFX scene
17:51:22.516 [JavaFX Application Thread] DEBUG MainWindow           - Target size > screen size
17:51:22.551 [JavaFX Application Thread] DEBUG MainWindow           - Target settings size: 1280.0 x 960.0
17:51:22.551 [JavaFX Application Thread] DEBUG MainWindow           - Scaled scene size:    1073.0 x 823.0
17:51:22.551 [JavaFX Application Thread] DEBUG MainWindow           - Scaled ratio: (0.83828125, 0.8572916666666667)
17:51:22.552 [JavaFX Application Thread] DEBUG AssetLoader          - Loading from disk: /assets/ui/css/fxgl_dark.css
17:51:22.552 [JavaFX Application Thread] DEBUG AssetLoader          - Loading from disk: /assets/ui/cursors/fxgl_default.png
17:51:22.569 [JavaFX Application Thread] DEBUG Input                - Clearing active input actions
17:51:22.570 [JavaFX Application Thread] DEBUG MainWindow           - StartupScene -> StartupScene
17:51:22.572 [JavaFX Application Thread] DEBUG AssetLoader          - Loading from disk: /assets/textures/fxgl_icon.png
17:51:22.588 [JavaFX Application Thread] DEBUG MainWindow           - Opening main window
17:51:22.734 [JavaFX Application Thread] DEBUG MainWindow           - Window border size: (15.0, 37.79998779296875)
17:51:22.734 [JavaFX Application Thread] DEBUG MainWindow           - Scaled size: 1073.0 x 823.0
17:51:22.734 [JavaFX Application Thread] DEBUG MainWindow           - Scaled ratio: (0.83828125, 0.8572916666666667)
17:51:22.734 [JavaFX Application Thread] DEBUG MainWindow           - Scene size: 1073.0 x 823.0
17:51:22.735 [JavaFX Application Thread] DEBUG MainWindow           - Stage size: 1088.0 x 860.7999877929688
17:51:22.743 [FXGL Background Thread 1 ] DEBUG FS                   - Loaded FSServiceImpl
17:51:22.744 [FXGL Background Thread 1 ] DEBUG Engine               - Loading FXGL system data
17:51:22.754 [FXGL Background Thread 1 ] DEBUG FSServiceImpl        - Reading from: C:\Users\Tucka\eclipse-workspace\GondurVillage\system\fxgl.bundle
17:51:22.769 [FXGL Background Thread 1 ] DEBUG Engine               - Bundle FXGL: {}
17:51:22.770 [FXGL Background Thread 1 ] DEBUG Engine               - Initializing application scenes
17:51:22.787 [FXGL Background Thread 1 ] DEBUG GameWorld            - Game world initialized
17:51:22.881 [FXGL Background Thread 1 ] DEBUG PhysicsWorld         - Physics world initialized: appHeight=960, physics.ppm=50,0
17:51:22.884 [FXGL Background Thread 1 ] DEBUG GameScene            - Game scene initialized: 1280x960
17:51:22.921 [FXGL Background Thread 1 ] DEBUG Input                - Registered new binding: Resume - Esc
17:51:22.921 [FXGL Background Thread 1 ] DEBUG AssetLoader          - Loading from disk: /assets/textures/pause_menu_bg.png
17:51:22.966 [FXGL Background Thread 1 ] DEBUG Input                - Registered new binding: Pause - Esc
17:51:22.967 [FXGL Background Thread 1 ] DEBUG Engine               - Application scenes initialized
17:51:22.969 [JavaFX Application Thread] DEBUG Engine               - Running preInit()
17:51:22.970 [JavaFX Application Thread] DEBUG Input                - Registered new binding: Move Right - D
17:51:22.970 [JavaFX Application Thread] DEBUG Input                - Registered new binding: Move Left - A
17:51:22.970 [JavaFX Application Thread] DEBUG Input                - Registered new binding: Move Up - W
17:51:22.970 [JavaFX Application Thread] DEBUG Input                - Registered new binding: Move Down - S
17:51:22.971 [JavaFX Application Thread] DEBUG Input                - Registered new binding: Screenshot - P
17:51:22.971 [JavaFX Application Thread] DEBUG Input                - Registered new binding: Dev Options - 1
17:51:22.972 [JavaFX Application Thread] DEBUG Input                - Registered new binding: System info dump - CTRL+9
17:51:22.972 [JavaFX Application Thread] DEBUG Input                - Registered new binding: Restart - CTRL+R
17:51:22.972 [JavaFX Application Thread] DEBUG Engine               - generateDefaultProfile()
17:51:22.972 [JavaFX Application Thread] DEBUG Engine               - Creating default profile
17:51:22.973 [JavaFX Application Thread] DEBUG EventBus             - Firing event: SaveEvent
17:51:22.985 [JavaFX Application Thread] DEBUG Engine               - Logging environment variables
17:51:22.986 [JavaFX Application Thread] DEBUG Engine               - cSS: fxgl_dark.css
17:51:22.986 [JavaFX Application Thread] DEBUG Engine               - achievements: []
17:51:22.986 [JavaFX Application Thread] DEBUG Engine               - language: ObjectProperty [value: ENGLISH]
17:51:22.986 [JavaFX Application Thread] DEBUG Engine               - isCloseConfirmation: false
17:51:22.987 [JavaFX Application Thread] DEBUG Engine               - isProfilingEnabled: false
17:51:22.987 [JavaFX Application Thread] DEBUG Engine               - soundNotification: core/notification.wav
17:51:22.987 [JavaFX Application Thread] DEBUG Engine               - devShowBBoxProperty: BooleanProperty [value: false]
17:51:22.987 [JavaFX Application Thread] DEBUG Engine               - pixelsPerMeter: 50.0
17:51:22.987 [JavaFX Application Thread] DEBUG Engine               - overlayRoot: Group@5b10608e
17:51:22.987 [JavaFX Application Thread] DEBUG Engine               - appIcon: fxgl_icon.png
17:51:22.988 [JavaFX Application Thread] DEBUG Engine               - soundMenuBack: menu/back.wav
17:51:22.988 [JavaFX Application Thread] DEBUG Engine               - isFullScreenAllowed: false
17:51:22.988 [JavaFX Application Thread] DEBUG Engine               - isIntroEnabled: false
17:51:22.988 [JavaFX Application Thread] DEBUG Engine               - eventBus: com.almasb.fxgl.event.EventBus@db9e308
17:51:22.988 [JavaFX Application Thread] DEBUG Engine               - fontMono: lucida_console.ttf
17:51:22.988 [JavaFX Application Thread] DEBUG Engine               - soundMenuSelect: menu/select.wav
17:51:22.989 [JavaFX Application Thread] DEBUG Engine               - height: 960
17:51:22.989 [JavaFX Application Thread] DEBUG Engine               - isSingleStep: false
17:51:22.989 [JavaFX Application Thread] DEBUG Engine               - fontGame: Abel-Regular.ttf
17:51:22.989 [JavaFX Application Thread] DEBUG Engine               - menuKey: ESCAPE
17:51:22.989 [JavaFX Application Thread] DEBUG Engine               - devShowPositionProperty: BooleanProperty [value: false]
17:51:22.989 [JavaFX Application Thread] DEBUG Engine               - versionCheckDays: 7
17:51:22.990 [JavaFX Application Thread] DEBUG Engine               - masterTimer: com.almasb.fxgl.time.Timer@529bf058
17:51:22.990 [JavaFX Application Thread] DEBUG Engine               - configClass: Optional.empty
17:51:22.990 [JavaFX Application Thread] DEBUG Engine               - version: 0.0
17:51:22.990 [JavaFX Application Thread] DEBUG Engine               - fullScreen: BooleanProperty [value: false]
17:51:22.990 [JavaFX Application Thread] DEBUG Engine               - dialogFactory: com.almasb.fxgl.ui.FXGLDialogFactory@73e8c6a0
17:51:22.990 [JavaFX Application Thread] DEBUG Engine               - applicationMode: DEVELOPER
17:51:22.990 [JavaFX Application Thread] DEBUG Engine               - urlGoogleForms: https://goo.gl/forms/6wrMnOBxTE1fEpOy2
17:51:22.990 [JavaFX Application Thread] DEBUG Engine               - isMenuEnabled: false
17:51:22.990 [JavaFX Application Thread] DEBUG Engine               - urlPOM: https://raw.githubusercontent.com/AlmasB/FXGL/master/pom.xml
17:51:22.991 [JavaFX Application Thread] DEBUG Engine               - profileName: user.profile
17:51:22.991 [JavaFX Application Thread] DEBUG Engine               - notificationViewClass: class com.almasb.fxgl.notification.view.XboxNotificationView
17:51:22.991 [JavaFX Application Thread] DEBUG Engine               - devSensorColorProperty: ObjectProperty [value: 0xffff00ff]
17:51:22.991 [JavaFX Application Thread] DEBUG Engine               - sceneFactory: com.almasb.fxgl.app.SceneFactory@5d7b5f35
17:51:22.991 [JavaFX Application Thread] DEBUG Engine               - dataFileExt: .dat
17:51:22.991 [JavaFX Application Thread] DEBUG Engine               - stageStyle: DECORATED
17:51:22.991 [JavaFX Application Thread] DEBUG Engine               - isManualResizeEnabled: false
17:51:22.991 [JavaFX Application Thread] DEBUG Engine               - title: Untitled
17:51:22.992 [JavaFX Application Thread] DEBUG Engine               - devBBoxColorProperty: ObjectProperty [value: 0xff0000ff]
17:51:22.992 [JavaFX Application Thread] DEBUG Engine               - credits: []
17:51:22.992 [JavaFX Application Thread] DEBUG Engine               - globalMusicVolumeProperty: DoubleProperty [value: 0.5]
17:51:22.992 [JavaFX Application Thread] DEBUG Engine               - uIFactory: com.almasb.fxgl.ui.FXGLUIFactory@1f985631
17:51:22.992 [JavaFX Application Thread] DEBUG Engine               - fontText: Courier-Prime.ttf
17:51:22.992 [JavaFX Application Thread] DEBUG Engine               - isExperimentalTiledLargeMap: false
17:51:22.992 [JavaFX Application Thread] DEBUG Engine               - secondsIn24h: 60
17:51:22.992 [JavaFX Application Thread] DEBUG Engine               - soundMenuPress: menu/press.wav
17:51:22.993 [JavaFX Application Thread] DEBUG Engine               - urlGithub: https://github.com/AlmasB/FXGL
17:51:22.993 [JavaFX Application Thread] DEBUG Engine               - profileDir: profiles/
17:51:22.993 [JavaFX Application Thread] DEBUG Engine               - globalSoundVolumeProperty: DoubleProperty [value: 0.5]
17:51:22.994 [JavaFX Application Thread] DEBUG Engine               - globalSoundVolume: 0.5
17:51:22.995 [JavaFX Application Thread] DEBUG Engine               - urlLeaderboard: http://fxgl-top.herokuapp.com/
17:51:22.995 [JavaFX Application Thread] DEBUG Engine               - saveDir: saves/
17:51:22.996 [JavaFX Application Thread] DEBUG Engine               - engineServices: [class com.almasb.fxgl.audio.AudioPlayer, class com.almasb.fxgl.notification.impl.NotificationServiceProvider, class com.almasb.fxgl.achievement.AchievementManager]
17:51:22.996 [JavaFX Application Thread] DEBUG Engine               - globalMusicVolume: 0.5
17:51:22.996 [JavaFX Application Thread] DEBUG Engine               - width: 1280
17:51:22.997 [JavaFX Application Thread] DEBUG Engine               - saveFileExt: .sav
17:51:22.997 [JavaFX Application Thread] DEBUG Engine               - fontUI: VarelaRound-Regular.ttf
17:51:22.997 [JavaFX Application Thread] DEBUG Engine               - enabledMenuItems: []
17:51:23.009 [JavaFX Application Thread] INFO  Engine               - FXGL initialization took: 0,891 sec
17:51:23.010 [JavaFX Application Thread] DEBUG LoopRunner           - Starting loop
17:51:23.015 [JavaFX Application Thread] DEBUG StartupScene         - STARTUP
17:51:23.016 [JavaFX Application Thread] DEBUG Engine               - Starting new game
17:51:23.016 [JavaFX Application Thread] DEBUG AssetLoader          - Loading from disk: /assets/ui/css/fxgl_dark.css
17:51:23.016 [JavaFX Application Thread] DEBUG AssetLoader          - Loading from disk: /assets/ui/cursors/fxgl_default.png
17:51:23.017 [JavaFX Application Thread] DEBUG Input                - Clearing active input actions
17:51:23.028 [JavaFX Application Thread] DEBUG MainWindow           - StartupScene -> LoadingScene
17:51:23.032 [JavaFX Application Thread] DEBUG Engine               - Removing overlay from StartupScene and adding to LoadingScene
17:51:23.033 [FXGL Background Thread 1 ] DEBUG InitAppTask          - Clearing previous game
17:51:23.033 [FXGL Background Thread 1 ] DEBUG GameWorld            - Clearing game world
17:51:23.033 [FXGL Background Thread 1 ] DEBUG PhysicsWorld         - Clearing physics world
17:51:23.033 [FXGL Background Thread 1 ] DEBUG GameScene            - Clearing game scene
17:51:23.033 [FXGL Background Thread 1 ] DEBUG InitAppTask          - Initializing Game
17:51:23.040 [FXGL Background Thread 1 ] DEBUG AssetLoader          - Loading from disk: /assets/levels/untitledj.tmx
17:51:23.060 [FXGL Background Thread 1 ] WARN  TMXLevelLoader       - TiledMap generated from 1.2.5. Supported version: 1.2.3. Some features may not be parsed fully.
17:51:23.125 [FXGL Background Thread 1 ] DEBUG GameWorld            - Clearing removable entities
17:51:23.126 [FXGL Background Thread 1 ] DEBUG GameWorld            - Setting level: com.almasb.fxgl.entity.level.Level@65949145
17:51:23.131 [FXGL Background Thread 1 ] DEBUG InitAppTask          - Initializing Physics
17:51:23.132 [FXGL Background Thread 1 ] DEBUG InitAppTask          - Initializing UI
17:51:23.132 [FXGL Background Thread 1 ] DEBUG InitAppTask          - Initialization Complete
17:51:23.133 [FXGL Background Thread 1 ] INFO  InitAppTask          - Game initialization took: 0,100 sec
17:51:23.134 [JavaFX Application Thread] DEBUG AssetLoader          - Loading from disk: /assets/ui/css/fxgl_dark.css
17:51:23.134 [JavaFX Application Thread] DEBUG AssetLoader          - Loading from disk: /assets/ui/cursors/fxgl_default.png
17:51:23.135 [JavaFX Application Thread] DEBUG Input                - Clearing active input actions
17:51:23.146 [JavaFX Application Thread] DEBUG MainWindow           - LoadingScene -> GameScene
17:51:23.146 [JavaFX Application Thread] DEBUG Engine               - Removing overlay from LoadingScene and adding to GameScene
17:52:14.533 [JavaFX Application Thread] DEBUG Engine               - Exiting FXGL
17:52:14.533 [JavaFX Application Thread] DEBUG Engine               - Shutting down background threads
17:52:14.533 [JavaFX Application Thread] DEBUG Engine               - Saving FXGL system data
17:52:14.535 [JavaFX Application Thread] DEBUG FSServiceImpl        - Writing to: C:\Users\Tucka\eclipse-workspace\GondurVillage\system\fxgl.bundle
17:52:14.538 [JavaFX Application Thread] DEBUG Engine               - Closing logger and exiting JavaFX
